Determining if the pthread_create exist failed with the following output:
Change Dir: /home/simmu/Documents/catkin_ws/build/CMakeFiles/CMakeTmp

Run Build Command:/usr/bin/make "cmTryCompileExec477254616/fast"
/usr/bin/make -f CMakeFiles/cmTryCompileExec477254616.dir/build.make CMakeFiles/cmTryCompileExec477254616.dir/build
make[1]: Entering directory `/home/simmu/Documents/catkin_ws/build/CMakeFiles/CMakeTmp'
/usr/bin/cmake -E cmake_progress_report /home/simmu/Documents/catkin_ws/build/CMakeFiles/CMakeTmp/CMakeFiles 1
Building C object CMakeFiles/cmTryCompileExec477254616.dir/CheckSymbolExists.c.o
/usr/bin/cc    -o CMakeFiles/cmTryCompileExec477254616.dir/CheckSymbolExists.c.o   -c /home/simmu/Documents/catkin_ws/build/CMakeFiles/CMakeTmp/CheckSymbolExists.c
Linking C executable cmTryCompileExec477254616
/usr/bin/cmake -E cmake_link_script CMakeFiles/cmTryCompileExec477254616.dir/link.txt --verbose=1
/usr/bin/cc       CMakeFiles/cmTryCompileExec477254616.dir/CheckSymbolExists.c.o  -o cmTryCompileExec477254616 -rdynamic 
CMakeFiles/cmTryCompileExec477254616.dir/CheckSymbolExists.c.o: In function `main':
CheckSymbolExists.c:(.text+0x16): undefined reference to `pthread_create'
collect2: error: ld returned 1 exit status
make[1]: *** [cmTryCompileExec477254616] Error 1
make[1]: Leaving directory `/home/simmu/Documents/catkin_ws/build/CMakeFiles/CMakeTmp'
make: *** [cmTryCompileExec477254616/fast] Error 2

File /home/simmu/Documents/catkin_ws/build/CMakeFiles/CMakeTmp/CheckSymbolExists.c:
/* */
#include <pthread.h>

int main(int argc, char** argv)
{
  (void)argv;
#ifndef pthread_create
  return ((int*)(&pthread_create))[argc];
#else
  (void)argc;
  return 0;
#endif
}

Determining if the function pthread_create exists in the pthreads failed with the following output:
Change Dir: /home/simmu/Documents/catkin_ws/build/CMakeFiles/CMakeTmp

Run Build Command:/usr/bin/make "cmTryCompileExec3272497665/fast"
/usr/bin/make -f CMakeFiles/cmTryCompileExec3272497665.dir/build.make CMakeFiles/cmTryCompileExec3272497665.dir/build
make[1]: Entering directory `/home/simmu/Documents/catkin_ws/build/CMakeFiles/CMakeTmp'
/usr/bin/cmake -E cmake_progress_report /home/simmu/Documents/catkin_ws/build/CMakeFiles/CMakeTmp/CMakeFiles 1
Building C object CMakeFiles/cmTryCompileExec3272497665.dir/CheckFunctionExists.c.o
/usr/bin/cc   -DCHECK_FUNCTION_EXISTS=pthread_create   -o CMakeFiles/cmTryCompileExec3272497665.dir/CheckFunctionExists.c.o   -c /usr/share/cmake-2.8/Modules/CheckFunctionExists.c
Linking C executable cmTryCompileExec3272497665
/usr/bin/cmake -E cmake_link_script CMakeFiles/cmTryCompileExec3272497665.dir/link.txt --verbose=1
/usr/bin/cc   -DCHECK_FUNCTION_EXISTS=pthread_create    CMakeFiles/cmTryCompileExec3272497665.dir/CheckFunctionExists.c.o  -o cmTryCompileExec3272497665 -rdynamic -lpthreads 
/usr/bin/ld: cannot find -lpthreads
collect2: error: ld returned 1 exit status
make[1]: *** [cmTryCompileExec3272497665] Error 1
make[1]: Leaving directory `/home/simmu/Documents/catkin_ws/build/CMakeFiles/CMakeTmp'
make: *** [cmTryCompileExec3272497665/fast] Error 2


